2025-08-09 20:52:09,407 INFO Test Suite Run ID: e26a437a-37b4-4e01-a14d-c0e782b7e064
2025-08-09 20:52:09,407 INFO Test Suite Configuration: TestConfig(base_url='https://restyleproject-production.up.railway.app', timeout=120, test_image_path='test_files/example2.jpg', verify_ssl=False, test_user='testuser', test_pass='testpass1234')
2025-08-09 20:52:09,407 INFO Python version: 3.12.1 (main, Jul 10 2025, 11:57:50) [GCC 13.3.0]
2025-08-09 20:52:09,408 INFO Environment variables summary: {}
2025-08-09 20:52:09,408 WARNING ⚠️  SSL verification is disabled.
2025-08-09 20:52:09,408 INFO 🚀 Starting Optimized & Self-Adapting Test Suite
2025-08-09 20:52:09,450 INFO Attempting authentication for user: testuser
2025-08-09 20:52:09,454 DEBUG connect_tcp.started host='restyleproject-production.up.railway.app' port=443 local_address=None timeout=120 socket_options=None
2025-08-09 20:52:09,463 DEBUG connect_tcp.complete return_value=<httpcore._backends.anyio.AnyIOStream object at 0x765100c8f7d0>
2025-08-09 20:52:09,463 DEBUG start_tls.started ssl_context=<ssl.SSLContext object at 0x765100b65350> server_hostname='restyleproject-production.up.railway.app' timeout=120
2025-08-09 20:52:09,473 DEBUG start_tls.complete return_value=<httpcore._backends.anyio.AnyIOStream object at 0x765100bc8860>
2025-08-09 20:52:09,473 DEBUG send_request_headers.started request=<Request [b'POST']>
2025-08-09 20:52:09,473 DEBUG send_request_headers.complete
2025-08-09 20:52:09,473 DEBUG send_request_body.started request=<Request [b'POST']>
2025-08-09 20:52:09,474 DEBUG send_request_body.complete
2025-08-09 20:52:09,474 DEBUG receive_response_headers.started request=<Request [b'POST']>
2025-08-09 20:52:13,514 DEBUG receive_response_headers.complete return_value=(b'HTTP/1.1', 200, b'OK', [(b'Allow', b'POST, OPTIONS'), (b'Content-Length', b'486'), (b'Content-Type', b'application/json'), (b'Cross-Origin-Opener-Policy', b'same-origin'), (b'Date', b'Sat, 09 Aug 2025 20:52:13 GMT'), (b'Referrer-Policy', b'same-origin'), (b'Server', b'railway-edge'), (b'Vary', b'Accept, origin'), (b'X-Content-Type-Options', b'nosniff'), (b'X-Frame-Options', b'DENY'), (b'X-Railway-Edge', b'railway/us-east4-eqdc4a'), (b'X-Railway-Request-Id', b'MJP3hdHZQcWwps_2ozsQ6Q')])
2025-08-09 20:52:13,515 INFO HTTP Request: POST https://restyleproject-production.up.railway.app/api/token/ "HTTP/1.1 200 OK"
2025-08-09 20:52:13,515 DEBUG receive_response_body.started request=<Request [b'POST']>
2025-08-09 20:52:13,516 DEBUG receive_response_body.complete
2025-08-09 20:52:13,516 DEBUG response_closed.started
2025-08-09 20:52:13,516 DEBUG response_closed.complete
2025-08-09 20:52:13,516 DEBUG Auth request: POST /api/token/ payload={'username': 'testuser', 'password': '***'}
2025-08-09 20:52:13,516 DEBUG Auth response: status=200, body={"refresh":"eyJhbGciOiJIUzI1NiIsInR5cCI6IkpXVCJ9.eyJ0b2tlbl90eXBlIjoicmVmcmVzaCIsImV4cCI6MTc1NDg1OTEzMywiaWF0IjoxNzU0NzcyNzMzLCJqdGkiOiI2ZDQxZDE3ZTkyZmQ0NTdhYmFkYzAyZmRjY2YxY2Y0NiIsInVzZXJfaWQiOjE2fQ.KBpsd3WsHrFpcF8ekW7qG3jfuViQ6CC4Rc0mA28pVM0","access":"eyJhbGciOiJIUzI1NiIsInR5cCI6IkpXVCJ9.eyJ0b2tlbl90eXBlIjoiYWNjZXNzIiwiZXhwIjoxNzU0NzczMDMzLCJpYXQiOjE3NTQ3NzI3MzMsImp0aSI6IjgzODYwNmJkZjVmNTQ2ODRhNTRkNzc2NTk4Y2E2Y2Y4IiwidXNlcl9pZCI6MTZ9.kw2wYLQT1b0KFT_dJnXYLVh1fsRNOVcn-OKQ8g5edCI"}
2025-08-09 20:52:13,517 INFO 🔑 Obtained JWT token for 'testuser'
2025-08-09 20:52:13,517 INFO 
🔍 Discovering URLs from the server...
2025-08-09 20:52:13,517 DEBUG send_request_headers.started request=<Request [b'GET']>
2025-08-09 20:52:13,518 DEBUG send_request_headers.complete
2025-08-09 20:52:13,518 DEBUG send_request_body.started request=<Request [b'GET']>
2025-08-09 20:52:13,518 DEBUG send_request_body.complete
2025-08-09 20:52:13,518 DEBUG receive_response_headers.started request=<Request [b'GET']>
2025-08-09 20:52:13,523 DEBUG receive_response_headers.complete return_value=(b'HTTP/1.1', 403, b'Forbidden', [(b'Allow', b'GET, HEAD, OPTIONS'), (b'Content-Length', b'58'), (b'Content-Type', b'application/json'), (b'Cross-Origin-Opener-Policy', b'same-origin'), (b'Date', b'Sat, 09 Aug 2025 20:52:13 GMT'), (b'Referrer-Policy', b'same-origin'), (b'Server', b'railway-edge'), (b'Vary', b'Accept, origin, Cookie'), (b'X-Content-Type-Options', b'nosniff'), (b'X-Frame-Options', b'DENY'), (b'X-Railway-Edge', b'railway/us-east4-eqdc4a'), (b'X-Railway-Request-Id', b'06qc8rcXTSmwPOhIozsQ6Q')])
2025-08-09 20:52:13,523 INFO HTTP Request: GET https://restyleproject-production.up.railway.app/api/core/internal/list-urls/ "HTTP/1.1 403 Forbidden"
2025-08-09 20:52:13,523 DEBUG receive_response_body.started request=<Request [b'GET']>
2025-08-09 20:52:13,524 DEBUG receive_response_body.complete
2025-08-09 20:52:13,524 DEBUG response_closed.started
2025-08-09 20:52:13,524 DEBUG response_closed.complete
2025-08-09 20:52:13,524 DEBUG GET /api/core/internal/list-urls/ headers={'Authorization': 'Bearer eyJhbGciOiJIUzI1NiIsInR5cCI6IkpXVCJ9.eyJ0b2tlbl90eXBlIjoiYWNjZXNzIiwiZXhwIjoxNzU0NzczMDMzLCJpYXQiOjE3NTQ3NzI3MzMsImp0aSI6IjgzODYwNmJkZjVmNTQ2ODRhNTRkNzc2NTk4Y2E2Y2Y4IiwidXNlcl9pZCI6MTZ9.kw2wYLQT1b0KFT_dJnXYLVh1fsRNOVcn-OKQ8g5edCI'}
2025-08-09 20:52:13,524 DEBUG Response: status=403, body={"detail":"Authentication credentials were not provided."}
2025-08-09 20:52:13,524 ERROR ❌ URL Discovery failed with status 403 (Forbidden). User 'testuser' may lack admin privileges. Suggestion: Ensure this user is a superuser.
2025-08-09 20:52:13,525 CRITICAL ❌ CRITICAL: Could not discover URLs. Aborting.
2025-08-09 20:52:13,525 DEBUG close.started
2025-08-09 20:52:13,525 DEBUG close.complete
2025-08-09 20:52:13,526 DEBUG Using selector: EpollSelector
2025-08-09 20:52:13,526 INFO Test Suite Run ID: bea00f0c-54da-420a-a8f8-74f85667a00b
2025-08-09 20:52:13,527 INFO Test Suite Configuration: TestConfig(base_url='https://restyleproject-production.up.railway.app', timeout=120, test_image_path='test_files/example2.jpg', verify_ssl=False, test_user='testuser', test_pass='testpass1234')
2025-08-09 20:52:13,527 INFO Python version: 3.12.1 (main, Jul 10 2025, 11:57:50) [GCC 13.3.0]
2025-08-09 20:52:13,527 INFO Environment variables summary: {}
2025-08-09 20:52:13,527 WARNING ⚠️  SSL verification is disabled.
2025-08-09 20:52:13,527 INFO 🚀 Starting Optimized & Self-Adapting Test Suite
2025-08-09 20:52:13,528 INFO Attempting authentication for user: testuser
2025-08-09 20:52:13,528 DEBUG connect_tcp.started host='restyleproject-production.up.railway.app' port=443 local_address=None timeout=120 socket_options=None
2025-08-09 20:52:13,535 DEBUG connect_tcp.complete return_value=<httpcore._backends.anyio.AnyIOStream object at 0x7651009f5430>
2025-08-09 20:52:13,536 DEBUG start_tls.started ssl_context=<ssl.SSLContext object at 0x7651009d71d0> server_hostname='restyleproject-production.up.railway.app' timeout=120
2025-08-09 20:52:13,544 DEBUG start_tls.complete return_value=<httpcore._backends.anyio.AnyIOStream object at 0x765100ea1fd0>
2025-08-09 20:52:13,544 DEBUG send_request_headers.started request=<Request [b'POST']>
2025-08-09 20:52:13,544 DEBUG send_request_headers.complete
2025-08-09 20:52:13,545 DEBUG send_request_body.started request=<Request [b'POST']>
2025-08-09 20:52:13,545 DEBUG send_request_body.complete
2025-08-09 20:52:13,545 DEBUG receive_response_headers.started request=<Request [b'POST']>
2025-08-09 20:52:13,809 DEBUG receive_response_headers.complete return_value=(b'HTTP/1.1', 200, b'OK', [(b'Allow', b'POST, OPTIONS'), (b'Content-Length', b'486'), (b'Content-Type', b'application/json'), (b'Cross-Origin-Opener-Policy', b'same-origin'), (b'Date', b'Sat, 09 Aug 2025 20:52:13 GMT'), (b'Referrer-Policy', b'same-origin'), (b'Server', b'railway-edge'), (b'Vary', b'Accept, origin'), (b'X-Content-Type-Options', b'nosniff'), (b'X-Frame-Options', b'DENY'), (b'X-Railway-Edge', b'railway/us-east4-eqdc4a'), (b'X-Railway-Request-Id', b'xAJZtNZSTc2uuhJYozsQ6Q')])
2025-08-09 20:52:13,809 INFO HTTP Request: POST https://restyleproject-production.up.railway.app/api/token/ "HTTP/1.1 200 OK"
2025-08-09 20:52:13,810 DEBUG receive_response_body.started request=<Request [b'POST']>
2025-08-09 20:52:13,810 DEBUG receive_response_body.complete
2025-08-09 20:52:13,810 DEBUG response_closed.started
2025-08-09 20:52:13,810 DEBUG response_closed.complete
2025-08-09 20:52:13,810 DEBUG Auth request: POST /api/token/ payload={'username': 'testuser', 'password': '***'}
2025-08-09 20:52:13,811 DEBUG Auth response: status=200, body={"refresh":"eyJhbGciOiJIUzI1NiIsInR5cCI6IkpXVCJ9.eyJ0b2tlbl90eXBlIjoicmVmcmVzaCIsImV4cCI6MTc1NDg1OTEzMywiaWF0IjoxNzU0NzcyNzMzLCJqdGkiOiIzNTViMWM3OTQyNTk0MzdmOWIxNjZiZWY5Mzk5NTNiMSIsInVzZXJfaWQiOjE2fQ.JZvqZdw6irDkhDOfb2RmFQrg22xx1dPvjAuZ3uv_kOE","access":"eyJhbGciOiJIUzI1NiIsInR5cCI6IkpXVCJ9.eyJ0b2tlbl90eXBlIjoiYWNjZXNzIiwiZXhwIjoxNzU0NzczMDMzLCJpYXQiOjE3NTQ3NzI3MzMsImp0aSI6ImM2MmMxNzVlMjkwZTRhNmI4YjRkNTJlY2QzN2UyMGU1IiwidXNlcl9pZCI6MTZ9.DTKmOmXvt2wjeC0jp7vVfEUbfZVzrvS6XTMYqBrytFw"}
2025-08-09 20:52:13,811 INFO 🔑 Obtained JWT token for 'testuser'
2025-08-09 20:52:13,811 INFO 
🔍 Discovering URLs from the server...
2025-08-09 20:52:13,811 DEBUG send_request_headers.started request=<Request [b'GET']>
2025-08-09 20:52:13,812 DEBUG send_request_headers.complete
2025-08-09 20:52:13,812 DEBUG send_request_body.started request=<Request [b'GET']>
2025-08-09 20:52:13,812 DEBUG send_request_body.complete
2025-08-09 20:52:13,812 DEBUG receive_response_headers.started request=<Request [b'GET']>
2025-08-09 20:52:13,816 DEBUG receive_response_headers.complete return_value=(b'HTTP/1.1', 403, b'Forbidden', [(b'Allow', b'GET, HEAD, OPTIONS'), (b'Content-Length', b'58'), (b'Content-Type', b'application/json'), (b'Cross-Origin-Opener-Policy', b'same-origin'), (b'Date', b'Sat, 09 Aug 2025 20:52:13 GMT'), (b'Referrer-Policy', b'same-origin'), (b'Server', b'railway-edge'), (b'Vary', b'Accept, origin, Cookie'), (b'X-Content-Type-Options', b'nosniff'), (b'X-Frame-Options', b'DENY'), (b'X-Railway-Edge', b'railway/us-east4-eqdc4a'), (b'X-Railway-Request-Id', b'Ik_ksLC4TXyW6PQBozsQ6Q')])
2025-08-09 20:52:13,816 INFO HTTP Request: GET https://restyleproject-production.up.railway.app/api/core/internal/list-urls/ "HTTP/1.1 403 Forbidden"
2025-08-09 20:52:13,816 DEBUG receive_response_body.started request=<Request [b'GET']>
2025-08-09 20:52:13,817 DEBUG receive_response_body.complete
2025-08-09 20:52:13,817 DEBUG response_closed.started
2025-08-09 20:52:13,817 DEBUG response_closed.complete
2025-08-09 20:52:13,817 DEBUG GET /api/core/internal/list-urls/ headers={'Authorization': 'Bearer eyJhbGciOiJIUzI1NiIsInR5cCI6IkpXVCJ9.eyJ0b2tlbl90eXBlIjoiYWNjZXNzIiwiZXhwIjoxNzU0NzczMDMzLCJpYXQiOjE3NTQ3NzI3MzMsImp0aSI6ImM2MmMxNzVlMjkwZTRhNmI4YjRkNTJlY2QzN2UyMGU1IiwidXNlcl9pZCI6MTZ9.DTKmOmXvt2wjeC0jp7vVfEUbfZVzrvS6XTMYqBrytFw'}
2025-08-09 20:52:13,817 DEBUG Response: status=403, body={"detail":"Authentication credentials were not provided."}
2025-08-09 20:52:13,817 ERROR ❌ URL Discovery failed with status 403 (Forbidden). User 'testuser' may lack admin privileges. Suggestion: Ensure this user is a superuser.
2025-08-09 20:52:13,817 CRITICAL ❌ CRITICAL: Could not discover URLs. Aborting.
2025-08-09 20:52:13,818 DEBUG close.started
2025-08-09 20:52:13,818 DEBUG close.complete
