2025-08-09 17:00:58,873 INFO Test Suite Run ID: a1ae4f6e-ef1d-4f6b-be24-4d7bb03e1720
2025-08-09 17:00:58,874 INFO Test Suite Configuration: TestConfig(base_url='https://restyleproject-production.up.railway.app', timeout=120, test_image_path='test_files/example2.jpg', verify_ssl=False, test_user='testuser', test_pass='testpass1234')
2025-08-09 17:00:58,874 INFO Python version: 3.11.9 (tags/v3.11.9:de54cf5, Apr  2 2024, 10:12:12) [MSC v.1938 64 bit (AMD64)]
2025-08-09 17:00:58,874 INFO Environment variables summary: {}
2025-08-09 17:00:58,951 DEBUG load_ssl_context verify=False cert=None trust_env=True http2=False
2025-08-09 17:00:58,959 INFO Attempting authentication for user: testuser
2025-08-09 17:00:58,995 DEBUG connect_tcp.started host='restyleproject-production.up.railway.app' port=443 local_address=None timeout=120 socket_options=None
2025-08-09 17:00:59,099 DEBUG connect_tcp.complete return_value=<httpcore._backends.anyio.AnyIOStream object at 0x000001DDEEEC4ED0>
2025-08-09 17:00:59,099 DEBUG start_tls.started ssl_context=<ssl.SSLContext object at 0x000001DDEEECDFD0> server_hostname='restyleproject-production.up.railway.app' timeout=120
2025-08-09 17:00:59,147 DEBUG start_tls.complete return_value=<httpcore._backends.anyio.AnyIOStream object at 0x000001DDEEE91ED0>
2025-08-09 17:00:59,148 DEBUG send_request_headers.started request=<Request [b'POST']>
2025-08-09 17:00:59,148 DEBUG send_request_headers.complete
2025-08-09 17:00:59,149 DEBUG send_request_body.started request=<Request [b'POST']>
2025-08-09 17:00:59,149 DEBUG send_request_body.complete
2025-08-09 17:00:59,149 DEBUG receive_response_headers.started request=<Request [b'POST']>
2025-08-09 17:01:03,347 DEBUG receive_response_headers.complete return_value=(b'HTTP/1.1', 200, b'OK', [(b'Allow', b'POST, OPTIONS'), (b'Content-Length', b'486'), (b'Content-Type', b'application/json'), (b'Cross-Origin-Opener-Policy', b'same-origin'), (b'Date', b'Sat, 09 Aug 2025 22:01:01 GMT'), (b'Referrer-Policy', b'same-origin'), (b'Server', b'railway-edge'), (b'Vary', b'Accept, origin'), (b'X-Content-Type-Options', b'nosniff'), (b'X-Frame-Options', b'DENY'), (b'X-Railway-Edge', b'railway/us-east4-eqdc4a'), (b'X-Railway-Request-Id', b'Pmt321lfQxO-jjFGPvyhXg')])
2025-08-09 17:01:03,348 INFO HTTP Request: POST https://restyleproject-production.up.railway.app/api/token/ "HTTP/1.1 200 OK"
2025-08-09 17:01:03,348 DEBUG receive_response_body.started request=<Request [b'POST']>
2025-08-09 17:01:03,348 DEBUG receive_response_body.complete
2025-08-09 17:01:03,348 DEBUG response_closed.started
2025-08-09 17:01:03,348 DEBUG response_closed.complete
2025-08-09 17:01:03,349 DEBUG Auth request: POST /api/token/ payload={'username': 'testuser', 'password': '***'}
2025-08-09 17:01:03,349 DEBUG Auth response: status=200, body={"refresh":"eyJhbGciOiJIUzI1NiIsInR5cCI6IkpXVCJ9.eyJ0b2tlbl90eXBlIjoicmVmcmVzaCIsImV4cCI6MTc1NDg2MzI2MSwiaWF0IjoxNzU0Nzc2ODYxLCJqdGkiOiJjNmIwODhhMDZjOTU0OGFhYWY2ZmQ2ZjE3YzVlYTA0YiIsInVzZXJfaWQiOjE2fQ.h-hdZn2KZ6thHO6kmesZIScu9PWXNKOtcMyVTQw6LV0","access":"eyJhbGciOiJIUzI1NiIsInR5cCI6IkpXVCJ9.eyJ0b2tlbl90eXBlIjoiYWNjZXNzIiwiZXhwIjoxNzU0Nzc3MTYxLCJpYXQiOjE3NTQ3NzY4NjEsImp0aSI6Ijg0MDcxZjBkZDMzNDQ3NTNhYThiZmFkZWI2OWE5NzFkIiwidXNlcl9pZCI6MTZ9.TygrBUARdPg8VdpchAQL72BwAV9uSAej7s6W9M0OvZQ"}
2025-08-09 17:01:03,354 DEBUG send_request_headers.started request=<Request [b'GET']>
2025-08-09 17:01:03,355 DEBUG send_request_headers.complete
2025-08-09 17:01:03,355 DEBUG send_request_body.started request=<Request [b'GET']>
2025-08-09 17:01:03,356 DEBUG send_request_body.complete
2025-08-09 17:01:03,356 DEBUG receive_response_headers.started request=<Request [b'GET']>
2025-08-09 17:01:03,401 DEBUG receive_response_headers.complete return_value=(b'HTTP/1.1', 200, b'OK', [(b'Allow', b'GET, HEAD, OPTIONS'), (b'Content-Length', b'400'), (b'Content-Type', b'application/json'), (b'Cross-Origin-Opener-Policy', b'same-origin'), (b'Date', b'Sat, 09 Aug 2025 22:01:01 GMT'), (b'Referrer-Policy', b'same-origin'), (b'Server', b'railway-edge'), (b'Vary', b'Accept, origin'), (b'X-Content-Type-Options', b'nosniff'), (b'X-Frame-Options', b'DENY'), (b'X-Railway-Edge', b'railway/us-east4-eqdc4a'), (b'X-Railway-Request-Id', b'J3tcAbF6RVahIAAaPvyhXg')])
2025-08-09 17:01:03,403 INFO HTTP Request: GET https://restyleproject-production.up.railway.app/api/core/internal/list-urls/ "HTTP/1.1 200 OK"
2025-08-09 17:01:03,403 DEBUG receive_response_body.started request=<Request [b'GET']>
2025-08-09 17:01:03,403 DEBUG receive_response_body.complete
2025-08-09 17:01:03,404 DEBUG response_closed.started
2025-08-09 17:01:03,404 DEBUG response_closed.complete
2025-08-09 17:01:03,404 DEBUG GET /api/core/internal/list-urls/ headers={'Authorization': 'Bearer eyJhbGciOiJIUzI1NiIsInR5cCI6IkpXVCJ9.eyJ0b2tlbl90eXBlIjoiYWNjZXNzIiwiZXhwIjoxNzU0Nzc3MTYxLCJpYXQiOjE3NTQ3NzY4NjEsImp0aSI6Ijg0MDcxZjBkZDMzNDQ3NTNhYThiZmFkZWI2OWE5NzFkIiwidXNlcl9pZCI6MTZ9.TygrBUARdPg8VdpchAQL72BwAV9uSAej7s6W9M0OvZQ'}
2025-08-09 17:01:03,405 DEBUG Response: status=200, body=[{"path":"/api/users/register/","name":"register"},{"path":"/api/token/","name":"token_obtain_pair"},{"path":"/api/token/refresh/","name":"token_refresh"},{"path":"/api/core/analyze-and-price/","name":"analyze-and-price"},{"path":"/api/core/health/","name":"health_check"},{"path":"/api/core/ebay-token-health/","name":"ebay_token_health"},{"path":"/api/core/internal/list-urls/","name":"list-urls"}]
2025-08-09 17:01:03,407 DEBUG [4d050745-a5d7-4624-960f-8ef7d8201643] Request: GET /api/users/register/ headers={'X-Correlation-ID': '4d050745-a5d7-4624-960f-8ef7d8201643'} payload_keys=[]
2025-08-09 17:01:03,409 DEBUG [75773fc8-946a-4df3-9fba-74dc47348645] Request: GET /api/token/ headers={'X-Correlation-ID': '75773fc8-946a-4df3-9fba-74dc47348645'} payload_keys=[]
2025-08-09 17:01:03,409 DEBUG [c5055954-0681-4822-b80e-20b7a8e3fb20] Request: GET /api/token/refresh/ headers={'X-Correlation-ID': 'c5055954-0681-4822-b80e-20b7a8e3fb20'} payload_keys=[]
2025-08-09 17:01:03,413 DEBUG [9711e5e5-8e09-491c-94dc-656179800eae] Request: POST /api/core/analyze-and-price/ headers={'X-Correlation-ID': '9711e5e5-8e09-491c-94dc-656179800eae', 'Authorization': 'Bearer eyJhbGciOiJIUzI1NiIsInR5cCI6IkpXVCJ9.eyJ0b2tlbl90eXBlIjoiYWNjZXNzIiwiZXhwIjoxNzU0Nzc3MTYxLCJpYXQiOjE3NTQ3NzY4NjEsImp0aSI6Ijg0MDcxZjBkZDMzNDQ3NTNhYThiZmFkZWI2OWE5NzFkIiwidXNlcl9pZCI6MTZ9.TygrBUARdPg8VdpchAQL72BwAV9uSAej7s6W9M0OvZQ'} payload_keys=['files']
2025-08-09 17:01:03,465 DEBUG [306799ce-fd69-436c-a780-2de77e16c887] Request: GET /api/core/health/ headers={'X-Correlation-ID': '306799ce-fd69-436c-a780-2de77e16c887'} payload_keys=[]
2025-08-09 17:01:03,465 DEBUG [c417dda6-f093-4873-ba52-b2e7d5003f15] Request: GET /api/core/ebay-token-health/ headers={'X-Correlation-ID': 'c417dda6-f093-4873-ba52-b2e7d5003f15'} payload_keys=[]
2025-08-09 17:01:03,465 DEBUG [7d8c9b6e-649c-4d50-af50-e5f756c65251] Request: GET /api/core/internal/list-urls/ headers={'X-Correlation-ID': '7d8c9b6e-649c-4d50-af50-e5f756c65251'} payload_keys=[]
2025-08-09 17:01:03,465 DEBUG send_request_headers.started request=<Request [b'GET']>
2025-08-09 17:01:03,465 DEBUG send_request_headers.complete
2025-08-09 17:01:03,465 DEBUG send_request_body.started request=<Request [b'GET']>
2025-08-09 17:01:03,465 DEBUG send_request_body.complete
2025-08-09 17:01:03,465 DEBUG receive_response_headers.started request=<Request [b'GET']>
2025-08-09 17:01:03,465 DEBUG connect_tcp.started host='restyleproject-production.up.railway.app' port=443 local_address=None timeout=120 socket_options=None
2025-08-09 17:01:03,465 DEBUG connect_tcp.started host='restyleproject-production.up.railway.app' port=443 local_address=None timeout=120 socket_options=None
2025-08-09 17:01:03,465 DEBUG connect_tcp.started host='restyleproject-production.up.railway.app' port=443 local_address=None timeout=120 socket_options=None
2025-08-09 17:01:03,465 DEBUG connect_tcp.started host='restyleproject-production.up.railway.app' port=443 local_address=None timeout=120 socket_options=None
2025-08-09 17:01:03,465 DEBUG connect_tcp.started host='restyleproject-production.up.railway.app' port=443 local_address=None timeout=120 socket_options=None
2025-08-09 17:01:03,474 DEBUG connect_tcp.started host='restyleproject-production.up.railway.app' port=443 local_address=None timeout=120 socket_options=None
2025-08-09 17:01:03,517 DEBUG receive_response_headers.complete return_value=(b'HTTP/1.1', 405, b'Method Not Allowed', [(b'Allow', b'POST, OPTIONS'), (b'Content-Length', b'40'), (b'Content-Type', b'application/json'), (b'Cross-Origin-Opener-Policy', b'same-origin'), (b'Date', b'Sat, 09 Aug 2025 22:01:01 GMT'), (b'Referrer-Policy', b'same-origin'), (b'Server', b'railway-edge'), (b'Vary', b'Accept, origin, Cookie'), (b'X-Content-Type-Options', b'nosniff'), (b'X-Frame-Options', b'DENY'), (b'X-Railway-Edge', b'railway/us-east4-eqdc4a'), (b'X-Railway-Request-Id', b'8ylQejP4QpCaOo6oPvyhXg')])
2025-08-09 17:01:03,517 INFO HTTP Request: GET https://restyleproject-production.up.railway.app/api/users/register/ "HTTP/1.1 405 Method Not Allowed"
2025-08-09 17:01:03,517 DEBUG receive_response_body.started request=<Request [b'GET']>
2025-08-09 17:01:03,519 DEBUG receive_response_body.complete
2025-08-09 17:01:03,519 DEBUG response_closed.started
2025-08-09 17:01:03,519 DEBUG response_closed.complete
2025-08-09 17:01:03,519 DEBUG [4d050745-a5d7-4624-960f-8ef7d8201643] Response: status=405, body={"detail":"Method \"GET\" not allowed."}, elapsed=0.111s
2025-08-09 17:01:03,562 DEBUG connect_tcp.complete return_value=<httpcore._backends.anyio.AnyIOStream object at 0x000001DDEEF84A10>
2025-08-09 17:01:03,563 DEBUG start_tls.started ssl_context=<ssl.SSLContext object at 0x000001DDEEECDFD0> server_hostname='restyleproject-production.up.railway.app' timeout=120
2025-08-09 17:01:03,563 DEBUG connect_tcp.complete return_value=<httpcore._backends.anyio.AnyIOStream object at 0x000001DDEEFD31D0>
2025-08-09 17:01:03,563 DEBUG start_tls.started ssl_context=<ssl.SSLContext object at 0x000001DDEEECDFD0> server_hostname='restyleproject-production.up.railway.app' timeout=120
2025-08-09 17:01:03,563 DEBUG connect_tcp.complete return_value=<httpcore._backends.anyio.AnyIOStream object at 0x000001DDEEFA8650>
2025-08-09 17:01:03,563 DEBUG start_tls.started ssl_context=<ssl.SSLContext object at 0x000001DDEEECDFD0> server_hostname='restyleproject-production.up.railway.app' timeout=120
2025-08-09 17:01:03,566 DEBUG connect_tcp.complete return_value=<httpcore._backends.anyio.AnyIOStream object at 0x000001DDEEFD3C50>
2025-08-09 17:01:03,566 DEBUG start_tls.started ssl_context=<ssl.SSLContext object at 0x000001DDEEECDFD0> server_hostname='restyleproject-production.up.railway.app' timeout=120
2025-08-09 17:01:03,566 DEBUG connect_tcp.complete return_value=<httpcore._backends.anyio.AnyIOStream object at 0x000001DDEEF3D850>
2025-08-09 17:01:03,566 DEBUG start_tls.started ssl_context=<ssl.SSLContext object at 0x000001DDEEECDFD0> server_hostname='restyleproject-production.up.railway.app' timeout=120
2025-08-09 17:01:03,566 DEBUG connect_tcp.complete return_value=<httpcore._backends.anyio.AnyIOStream object at 0x000001DDEEFDC490>
2025-08-09 17:01:03,566 DEBUG start_tls.started ssl_context=<ssl.SSLContext object at 0x000001DDEEECDFD0> server_hostname='restyleproject-production.up.railway.app' timeout=120
2025-08-09 17:01:03,611 DEBUG start_tls.complete return_value=<httpcore._backends.anyio.AnyIOStream object at 0x000001DDEEFD2FD0>
2025-08-09 17:01:03,611 DEBUG start_tls.complete return_value=<httpcore._backends.anyio.AnyIOStream object at 0x000001DDEEFD2690>
2025-08-09 17:01:03,611 DEBUG send_request_headers.started request=<Request [b'GET']>
2025-08-09 17:01:03,611 DEBUG send_request_headers.started request=<Request [b'GET']>
2025-08-09 17:01:03,611 DEBUG send_request_headers.complete
2025-08-09 17:01:03,611 DEBUG send_request_body.started request=<Request [b'GET']>
2025-08-09 17:01:03,611 DEBUG send_request_body.complete
2025-08-09 17:01:03,611 DEBUG receive_response_headers.started request=<Request [b'GET']>
2025-08-09 17:01:03,611 DEBUG send_request_headers.complete
2025-08-09 17:01:03,611 DEBUG send_request_body.started request=<Request [b'GET']>
2025-08-09 17:01:03,611 DEBUG send_request_body.complete
2025-08-09 17:01:03,611 DEBUG receive_response_headers.started request=<Request [b'GET']>
2025-08-09 17:01:03,611 DEBUG start_tls.complete return_value=<httpcore._backends.anyio.AnyIOStream object at 0x000001DDEEF3D550>
2025-08-09 17:01:03,621 DEBUG start_tls.complete return_value=<httpcore._backends.anyio.AnyIOStream object at 0x000001DDEEFA8D90>
2025-08-09 17:01:03,622 DEBUG send_request_headers.started request=<Request [b'GET']>
2025-08-09 17:01:03,622 DEBUG send_request_headers.started request=<Request [b'POST']>
2025-08-09 17:01:03,623 DEBUG start_tls.complete return_value=<httpcore._backends.anyio.AnyIOStream object at 0x000001DDEEFD3B10>
2025-08-09 17:01:03,623 DEBUG send_request_headers.complete
2025-08-09 17:01:03,623 DEBUG send_request_body.started request=<Request [b'GET']>
2025-08-09 17:01:03,623 DEBUG send_request_body.complete
2025-08-09 17:01:03,624 DEBUG receive_response_headers.started request=<Request [b'GET']>
2025-08-09 17:01:03,624 DEBUG send_request_headers.complete
2025-08-09 17:01:03,624 DEBUG send_request_body.started request=<Request [b'POST']>
2025-08-09 17:01:03,624 DEBUG send_request_headers.started request=<Request [b'GET']>
2025-08-09 17:01:03,626 DEBUG send_request_headers.complete
2025-08-09 17:01:03,626 DEBUG send_request_body.started request=<Request [b'GET']>
2025-08-09 17:01:03,626 DEBUG send_request_body.complete
2025-08-09 17:01:03,626 DEBUG receive_response_headers.started request=<Request [b'GET']>
2025-08-09 17:01:03,626 DEBUG start_tls.complete return_value=<httpcore._backends.anyio.AnyIOStream object at 0x000001DDEEF3CA90>
2025-08-09 17:01:03,635 DEBUG send_request_headers.started request=<Request [b'GET']>
2025-08-09 17:01:03,637 DEBUG send_request_headers.complete
2025-08-09 17:01:03,637 DEBUG send_request_body.started request=<Request [b'GET']>
2025-08-09 17:01:03,637 DEBUG send_request_body.complete
2025-08-09 17:01:03,637 DEBUG receive_response_headers.started request=<Request [b'GET']>
2025-08-09 17:01:03,667 DEBUG receive_response_headers.complete return_value=(b'HTTP/1.1', 405, b'Method Not Allowed', [(b'Allow', b'POST, OPTIONS'), (b'Content-Length', b'40'), (b'Content-Type', b'application/json'), (b'Cross-Origin-Opener-Policy', b'same-origin'), (b'Date', b'Sat, 09 Aug 2025 22:01:01 GMT'), (b'Referrer-Policy', b'same-origin'), (b'Server', b'railway-edge'), (b'Vary', b'Accept, origin'), (b'X-Content-Type-Options', b'nosniff'), (b'X-Frame-Options', b'DENY'), (b'X-Railway-Edge', b'railway/us-east4-eqdc4a'), (b'X-Railway-Request-Id', b'LDC0Z5KySNedsiKyPvyhXg')])
2025-08-09 17:01:03,667 INFO HTTP Request: GET https://restyleproject-production.up.railway.app/api/token/ "HTTP/1.1 405 Method Not Allowed"
2025-08-09 17:01:03,667 DEBUG receive_response_body.started request=<Request [b'GET']>
2025-08-09 17:01:03,667 DEBUG receive_response_body.complete
2025-08-09 17:01:03,667 DEBUG response_closed.started
2025-08-09 17:01:03,667 DEBUG response_closed.complete
2025-08-09 17:01:03,667 DEBUG [75773fc8-946a-4df3-9fba-74dc47348645] Response: status=405, body={"detail":"Method \"GET\" not allowed."}, elapsed=0.258s
2025-08-09 17:01:03,677 DEBUG send_request_body.complete
2025-08-09 17:01:03,677 DEBUG receive_response_headers.started request=<Request [b'POST']>
2025-08-09 17:01:03,720 DEBUG receive_response_headers.complete return_value=(b'HTTP/1.1', 200, b'OK', [(b'Allow', b'GET, POST, HEAD, OPTIONS'), (b'Content-Length', b'48'), (b'Content-Type', b'application/json'), (b'Cross-Origin-Opener-Policy', b'same-origin'), (b'Date', b'Sat, 09 Aug 2025 22:01:01 GMT'), (b'Referrer-Policy', b'same-origin'), (b'Server', b'railway-edge'), (b'Vary', b'Accept, origin, Cookie'), (b'X-Content-Type-Options', b'nosniff'), (b'X-Frame-Options', b'DENY'), (b'X-Railway-Edge', b'railway/us-east4-eqdc4a'), (b'X-Railway-Request-Id', b'eFMxCHUVTEuZX2ANezItjw')])
2025-08-09 17:01:03,721 INFO HTTP Request: GET https://restyleproject-production.up.railway.app/api/core/ebay-token-health/ "HTTP/1.1 200 OK"
2025-08-09 17:01:03,721 DEBUG receive_response_body.started request=<Request [b'GET']>
2025-08-09 17:01:03,721 DEBUG receive_response_body.complete
2025-08-09 17:01:03,721 DEBUG response_closed.started
2025-08-09 17:01:03,722 DEBUG response_closed.complete
2025-08-09 17:01:03,722 DEBUG [c417dda6-f093-4873-ba52-b2e7d5003f15] Response: status=200, body={"status":"ok","token_status":"not_implemented"}, elapsed=0.257s
2025-08-09 17:01:03,725 DEBUG receive_response_headers.complete return_value=(b'HTTP/1.1', 405, b'Method Not Allowed', [(b'Allow', b'POST, OPTIONS'), (b'Content-Length', b'40'), (b'Content-Type', b'application/json'), (b'Cross-Origin-Opener-Policy', b'same-origin'), (b'Date', b'Sat, 09 Aug 2025 22:01:01 GMT'), (b'Referrer-Policy', b'same-origin'), (b'Server', b'railway-edge'), (b'Vary', b'Accept, origin'), (b'X-Content-Type-Options', b'nosniff'), (b'X-Frame-Options', b'DENY'), (b'X-Railway-Edge', b'railway/us-east4-eqdc4a'), (b'X-Railway-Request-Id', b'yWErnqY1SQ2rFKopozsQ6Q')])
2025-08-09 17:01:03,725 INFO HTTP Request: GET https://restyleproject-production.up.railway.app/api/token/refresh/ "HTTP/1.1 405 Method Not Allowed"
2025-08-09 17:01:03,725 DEBUG receive_response_body.started request=<Request [b'GET']>
2025-08-09 17:01:03,725 DEBUG receive_response_body.complete
2025-08-09 17:01:03,726 DEBUG response_closed.started
2025-08-09 17:01:03,726 DEBUG response_closed.complete
2025-08-09 17:01:03,726 DEBUG [c5055954-0681-4822-b80e-20b7a8e3fb20] Response: status=405, body={"detail":"Method \"GET\" not allowed."}, elapsed=0.316s
2025-08-09 17:01:03,731 DEBUG receive_response_headers.complete return_value=(b'HTTP/1.1', 401, b'Unauthorized', [(b'Allow', b'GET, HEAD, OPTIONS'), (b'Content-Length', b'58'), (b'Content-Type', b'application/json'), (b'Cross-Origin-Opener-Policy', b'same-origin'), (b'Date', b'Sat, 09 Aug 2025 22:01:01 GMT'), (b'Referrer-Policy', b'same-origin'), (b'Server', b'railway-edge'), (b'Vary', b'Accept, origin, Cookie'), (b'Www-Authenticate', b'Bearer realm="api"'), (b'X-Content-Type-Options', b'nosniff'), (b'X-Frame-Options', b'DENY'), (b'X-Railway-Edge', b'railway/us-east4-eqdc4a'), (b'X-Railway-Request-Id', b'hMOmANPRTI6z2xn0woOzXw')])
2025-08-09 17:01:03,731 INFO HTTP Request: GET https://restyleproject-production.up.railway.app/api/core/internal/list-urls/ "HTTP/1.1 401 Unauthorized"
2025-08-09 17:01:03,732 DEBUG receive_response_body.started request=<Request [b'GET']>
2025-08-09 17:01:03,732 DEBUG receive_response_body.complete
2025-08-09 17:01:03,732 DEBUG response_closed.started
2025-08-09 17:01:03,732 DEBUG response_closed.complete
2025-08-09 17:01:03,732 DEBUG [7d8c9b6e-649c-4d50-af50-e5f756c65251] Response: status=401, body={"detail":"Authentication credentials were not provided."}, elapsed=0.267s
2025-08-09 17:01:07,139 DEBUG receive_response_headers.complete return_value=(b'HTTP/1.1', 200, b'OK', [(b'Content-Length', b'40'), (b'Content-Type', b'application/json'), (b'Cross-Origin-Opener-Policy', b'same-origin'), (b'Date', b'Sat, 09 Aug 2025 22:01:05 GMT'), (b'Referrer-Policy', b'same-origin'), (b'Server', b'railway-edge'), (b'Vary', b'origin'), (b'X-Content-Type-Options', b'nosniff'), (b'X-Frame-Options', b'DENY'), (b'X-Railway-Edge', b'railway/us-east4-eqdc4a'), (b'X-Railway-Request-Id', b'BUKBfv_pSNmVI65hg4a9AQ')])
2025-08-09 17:01:07,139 INFO HTTP Request: GET https://restyleproject-production.up.railway.app/api/core/health/ "HTTP/1.1 200 OK"
2025-08-09 17:01:07,139 DEBUG receive_response_body.started request=<Request [b'GET']>
2025-08-09 17:01:07,139 DEBUG receive_response_body.complete
2025-08-09 17:01:07,139 DEBUG response_closed.started
2025-08-09 17:01:07,139 DEBUG response_closed.complete
2025-08-09 17:01:07,139 DEBUG [306799ce-fd69-436c-a780-2de77e16c887] Response: status=200, body={"status": "healthy", "service": "core"}, elapsed=3.674s
2025-08-09 17:01:07,340 DEBUG receive_response_headers.complete return_value=(b'HTTP/1.1', 500, b'Internal Server Error', [(b'Allow', b'POST, OPTIONS'), (b'Content-Length', b'64'), (b'Content-Type', b'application/json'), (b'Cross-Origin-Opener-Policy', b'same-origin'), (b'Date', b'Sat, 09 Aug 2025 22:01:05 GMT'), (b'Referrer-Policy', b'same-origin'), (b'Server', b'railway-edge'), (b'Vary', b'Accept, origin'), (b'X-Content-Type-Options', b'nosniff'), (b'X-Frame-Options', b'DENY'), (b'X-Railway-Edge', b'railway/us-east4-eqdc4a'), (b'X-Railway-Request-Id', b'sSjczuAmSyW4dFpmozsQ6Q')])
2025-08-09 17:01:07,340 INFO HTTP Request: POST https://restyleproject-production.up.railway.app/api/core/analyze-and-price/ "HTTP/1.1 500 Internal Server Error"
2025-08-09 17:01:07,341 DEBUG receive_response_body.started request=<Request [b'POST']>
2025-08-09 17:01:07,341 DEBUG receive_response_body.complete
2025-08-09 17:01:07,341 DEBUG response_closed.started
2025-08-09 17:01:07,341 DEBUG response_closed.complete
2025-08-09 17:01:07,342 DEBUG [9711e5e5-8e09-491c-94dc-656179800eae] Response: status=500, body={"error":"An unexpected server error occurred during analysis."}, elapsed=3.927s
2025-08-09 17:01:07,343 DEBUG close.started
2025-08-09 17:01:07,344 DEBUG close.complete
2025-08-09 17:01:07,344 DEBUG close.started
2025-08-09 17:01:07,344 DEBUG close.complete
2025-08-09 17:01:07,344 DEBUG close.started
2025-08-09 17:01:07,344 DEBUG close.complete
2025-08-09 17:01:07,346 DEBUG close.started
2025-08-09 17:01:07,346 DEBUG close.complete
2025-08-09 17:01:07,346 DEBUG close.started
2025-08-09 17:01:07,346 DEBUG close.complete
2025-08-09 17:01:07,346 DEBUG close.started
2025-08-09 17:01:07,346 DEBUG close.complete
2025-08-09 17:01:07,347 DEBUG close.started
2025-08-09 17:01:07,347 DEBUG close.complete
2025-08-09 17:01:07,350 DEBUG Using proactor: IocpProactor
2025-08-09 17:01:07,351 INFO Test Suite Run ID: 6f3c973b-bb93-4310-9ab9-b388e3d7ba59
2025-08-09 17:01:07,351 INFO Test Suite Configuration: TestConfig(base_url='https://restyleproject-production.up.railway.app', timeout=120, test_image_path='test_files/example2.jpg', verify_ssl=False, test_user='testuser', test_pass='testpass1234')
2025-08-09 17:01:07,351 INFO Python version: 3.11.9 (tags/v3.11.9:de54cf5, Apr  2 2024, 10:12:12) [MSC v.1938 64 bit (AMD64)]
2025-08-09 17:01:07,351 INFO Environment variables summary: {}
2025-08-09 17:01:07,359 DEBUG load_ssl_context verify=False cert=None trust_env=True http2=False
2025-08-09 17:01:07,360 INFO Attempting authentication for user: testuser
2025-08-09 17:01:07,361 DEBUG connect_tcp.started host='restyleproject-production.up.railway.app' port=443 local_address=None timeout=120 socket_options=None
2025-08-09 17:01:07,449 DEBUG connect_tcp.complete return_value=<httpcore._backends.anyio.AnyIOStream object at 0x000001DDEEFDC450>
2025-08-09 17:01:07,449 DEBUG start_tls.started ssl_context=<ssl.SSLContext object at 0x000001DDEEECFDA0> server_hostname='restyleproject-production.up.railway.app' timeout=120
2025-08-09 17:01:07,502 DEBUG start_tls.complete return_value=<httpcore._backends.anyio.AnyIOStream object at 0x000001DDEEE83390>
2025-08-09 17:01:07,503 DEBUG send_request_headers.started request=<Request [b'POST']>
2025-08-09 17:01:07,503 DEBUG send_request_headers.complete
2025-08-09 17:01:07,503 DEBUG send_request_body.started request=<Request [b'POST']>
2025-08-09 17:01:07,503 DEBUG send_request_body.complete
2025-08-09 17:01:07,504 DEBUG receive_response_headers.started request=<Request [b'POST']>
2025-08-09 17:01:07,805 DEBUG receive_response_headers.complete return_value=(b'HTTP/1.1', 200, b'OK', [(b'Allow', b'POST, OPTIONS'), (b'Content-Length', b'486'), (b'Content-Type', b'application/json'), (b'Cross-Origin-Opener-Policy', b'same-origin'), (b'Date', b'Sat, 09 Aug 2025 22:01:05 GMT'), (b'Referrer-Policy', b'same-origin'), (b'Server', b'railway-edge'), (b'Vary', b'Accept, origin'), (b'X-Content-Type-Options', b'nosniff'), (b'X-Frame-Options', b'DENY'), (b'X-Railway-Edge', b'railway/us-east4-eqdc4a'), (b'X-Railway-Request-Id', b'bIp182IDS02BrVDPezItjw')])
2025-08-09 17:01:07,805 INFO HTTP Request: POST https://restyleproject-production.up.railway.app/api/token/ "HTTP/1.1 200 OK"
2025-08-09 17:01:07,805 DEBUG receive_response_body.started request=<Request [b'POST']>
2025-08-09 17:01:07,805 DEBUG receive_response_body.complete
2025-08-09 17:01:07,805 DEBUG response_closed.started
2025-08-09 17:01:07,805 DEBUG response_closed.complete
2025-08-09 17:01:07,805 DEBUG Auth request: POST /api/token/ payload={'username': 'testuser', 'password': '***'}
2025-08-09 17:01:07,805 DEBUG Auth response: status=200, body={"refresh":"eyJhbGciOiJIUzI1NiIsInR5cCI6IkpXVCJ9.eyJ0b2tlbl90eXBlIjoicmVmcmVzaCIsImV4cCI6MTc1NDg2MzI2NSwiaWF0IjoxNzU0Nzc2ODY1LCJqdGkiOiI2MTJjYmIxYWJiNDc0NjgwOGZmYTQ0NGUwMjUyODRkZSIsInVzZXJfaWQiOjE2fQ.Ne6REDQZOzWFaD6jPK2D0aWC312fflFs27_tGqEJH4g","access":"eyJhbGciOiJIUzI1NiIsInR5cCI6IkpXVCJ9.eyJ0b2tlbl90eXBlIjoiYWNjZXNzIiwiZXhwIjoxNzU0Nzc3MTY1LCJpYXQiOjE3NTQ3NzY4NjUsImp0aSI6IjliY2IzYjY0ZGMwNDQ0YzNhODVjNzgyMTgzMmU2MjkzIiwidXNlcl9pZCI6MTZ9.scnC8exSVMYN0WsyY21M_2kAwwDO6PP3fmrLWTiPD0A"}
2025-08-09 17:01:07,805 DEBUG send_request_headers.started request=<Request [b'GET']>
2025-08-09 17:01:07,813 DEBUG send_request_headers.complete
2025-08-09 17:01:07,813 DEBUG send_request_body.started request=<Request [b'GET']>
2025-08-09 17:01:07,813 DEBUG send_request_body.complete
2025-08-09 17:01:07,813 DEBUG receive_response_headers.started request=<Request [b'GET']>
2025-08-09 17:01:07,855 DEBUG receive_response_headers.complete return_value=(b'HTTP/1.1', 200, b'OK', [(b'Allow', b'GET, HEAD, OPTIONS'), (b'Content-Length', b'400'), (b'Content-Type', b'application/json'), (b'Cross-Origin-Opener-Policy', b'same-origin'), (b'Date', b'Sat, 09 Aug 2025 22:01:06 GMT'), (b'Referrer-Policy', b'same-origin'), (b'Server', b'railway-edge'), (b'Vary', b'Accept, origin'), (b'X-Content-Type-Options', b'nosniff'), (b'X-Frame-Options', b'DENY'), (b'X-Railway-Edge', b'railway/us-east4-eqdc4a'), (b'X-Railway-Request-Id', b'sMv7zdorQtSpFzqFezItjw')])
2025-08-09 17:01:07,855 INFO HTTP Request: GET https://restyleproject-production.up.railway.app/api/core/internal/list-urls/ "HTTP/1.1 200 OK"
2025-08-09 17:01:07,855 DEBUG receive_response_body.started request=<Request [b'GET']>
2025-08-09 17:01:07,855 DEBUG receive_response_body.complete
2025-08-09 17:01:07,855 DEBUG response_closed.started
2025-08-09 17:01:07,855 DEBUG response_closed.complete
2025-08-09 17:01:07,855 DEBUG GET /api/core/internal/list-urls/ headers={'Authorization': 'Bearer eyJhbGciOiJIUzI1NiIsInR5cCI6IkpXVCJ9.eyJ0b2tlbl90eXBlIjoiYWNjZXNzIiwiZXhwIjoxNzU0Nzc3MTY1LCJpYXQiOjE3NTQ3NzY4NjUsImp0aSI6IjliY2IzYjY0ZGMwNDQ0YzNhODVjNzgyMTgzMmU2MjkzIiwidXNlcl9pZCI6MTZ9.scnC8exSVMYN0WsyY21M_2kAwwDO6PP3fmrLWTiPD0A'}
2025-08-09 17:01:07,857 DEBUG Response: status=200, body=[{"path":"/api/users/register/","name":"register"},{"path":"/api/token/","name":"token_obtain_pair"},{"path":"/api/token/refresh/","name":"token_refresh"},{"path":"/api/core/analyze-and-price/","name":"analyze-and-price"},{"path":"/api/core/health/","name":"health_check"},{"path":"/api/core/ebay-token-health/","name":"ebay_token_health"},{"path":"/api/core/internal/list-urls/","name":"list-urls"}]
2025-08-09 17:01:07,858 DEBUG [6d5f0aa0-3369-4681-89ac-988fbc00c1ac] Request: GET /api/users/register/ headers={'X-Correlation-ID': '6d5f0aa0-3369-4681-89ac-988fbc00c1ac'} payload_keys=[]
2025-08-09 17:01:07,859 DEBUG [cdfd1ef4-77e4-4b43-bc91-7595f82b1795] Request: GET /api/token/ headers={'X-Correlation-ID': 'cdfd1ef4-77e4-4b43-bc91-7595f82b1795'} payload_keys=[]
2025-08-09 17:01:07,859 DEBUG [04c6712b-d9c1-4cbf-ac24-5fc632196100] Request: GET /api/token/refresh/ headers={'X-Correlation-ID': '04c6712b-d9c1-4cbf-ac24-5fc632196100'} payload_keys=[]
2025-08-09 17:01:07,862 DEBUG [d856f85e-a10b-4950-b353-7a191c11c188] Request: POST /api/core/analyze-and-price/ headers={'X-Correlation-ID': 'd856f85e-a10b-4950-b353-7a191c11c188', 'Authorization': 'Bearer eyJhbGciOiJIUzI1NiIsInR5cCI6IkpXVCJ9.eyJ0b2tlbl90eXBlIjoiYWNjZXNzIiwiZXhwIjoxNzU0Nzc3MTY1LCJpYXQiOjE3NTQ3NzY4NjUsImp0aSI6IjliY2IzYjY0ZGMwNDQ0YzNhODVjNzgyMTgzMmU2MjkzIiwidXNlcl9pZCI6MTZ9.scnC8exSVMYN0WsyY21M_2kAwwDO6PP3fmrLWTiPD0A'} payload_keys=['files']
2025-08-09 17:01:07,865 DEBUG [5e7f155d-40c4-460e-b331-f229b66c9f00] Request: GET /api/core/health/ headers={'X-Correlation-ID': '5e7f155d-40c4-460e-b331-f229b66c9f00'} payload_keys=[]
2025-08-09 17:01:07,867 DEBUG [6652bdc6-ed01-4cee-89d8-88f456849161] Request: GET /api/core/ebay-token-health/ headers={'X-Correlation-ID': '6652bdc6-ed01-4cee-89d8-88f456849161'} payload_keys=[]
2025-08-09 17:01:07,867 DEBUG [25393c56-9adf-46b0-9a84-063c8815612b] Request: GET /api/core/internal/list-urls/ headers={'X-Correlation-ID': '25393c56-9adf-46b0-9a84-063c8815612b'} payload_keys=[]
2025-08-09 17:01:07,869 DEBUG send_request_headers.started request=<Request [b'GET']>
2025-08-09 17:01:07,870 DEBUG send_request_headers.complete
2025-08-09 17:01:07,870 DEBUG send_request_body.started request=<Request [b'GET']>
2025-08-09 17:01:07,870 DEBUG send_request_body.complete
2025-08-09 17:01:07,870 DEBUG receive_response_headers.started request=<Request [b'GET']>
2025-08-09 17:01:07,871 DEBUG connect_tcp.started host='restyleproject-production.up.railway.app' port=443 local_address=None timeout=120 socket_options=None
2025-08-09 17:01:07,871 DEBUG connect_tcp.started host='restyleproject-production.up.railway.app' port=443 local_address=None timeout=120 socket_options=None
2025-08-09 17:01:07,872 DEBUG connect_tcp.started host='restyleproject-production.up.railway.app' port=443 local_address=None timeout=120 socket_options=None
2025-08-09 17:01:07,872 DEBUG connect_tcp.started host='restyleproject-production.up.railway.app' port=443 local_address=None timeout=120 socket_options=None
2025-08-09 17:01:07,874 DEBUG connect_tcp.started host='restyleproject-production.up.railway.app' port=443 local_address=None timeout=120 socket_options=None
2025-08-09 17:01:07,874 DEBUG connect_tcp.started host='restyleproject-production.up.railway.app' port=443 local_address=None timeout=120 socket_options=None
2025-08-09 17:01:07,913 DEBUG receive_response_headers.complete return_value=(b'HTTP/1.1', 405, b'Method Not Allowed', [(b'Allow', b'POST, OPTIONS'), (b'Content-Length', b'40'), (b'Content-Type', b'application/json'), (b'Cross-Origin-Opener-Policy', b'same-origin'), (b'Date', b'Sat, 09 Aug 2025 22:01:06 GMT'), (b'Referrer-Policy', b'same-origin'), (b'Server', b'railway-edge'), (b'Vary', b'Accept, origin, Cookie'), (b'X-Content-Type-Options', b'nosniff'), (b'X-Frame-Options', b'DENY'), (b'X-Railway-Edge', b'railway/us-east4-eqdc4a'), (b'X-Railway-Request-Id', b'QeYvic1KTHuNNkaQezItjw')])
2025-08-09 17:01:07,914 INFO HTTP Request: GET https://restyleproject-production.up.railway.app/api/users/register/ "HTTP/1.1 405 Method Not Allowed"
2025-08-09 17:01:07,914 DEBUG receive_response_body.started request=<Request [b'GET']>
2025-08-09 17:01:07,914 DEBUG receive_response_body.complete
2025-08-09 17:01:07,914 DEBUG response_closed.started
2025-08-09 17:01:07,915 DEBUG response_closed.complete
2025-08-09 17:01:07,915 DEBUG [6d5f0aa0-3369-4681-89ac-988fbc00c1ac] Response: status=405, body={"detail":"Method \"GET\" not allowed."}, elapsed=0.056s
2025-08-09 17:01:07,967 DEBUG connect_tcp.complete return_value=<httpcore._backends.anyio.AnyIOStream object at 0x000001DDEEEC4BD0>
2025-08-09 17:01:07,967 DEBUG start_tls.started ssl_context=<ssl.SSLContext object at 0x000001DDEEECFDA0> server_hostname='restyleproject-production.up.railway.app' timeout=120
2025-08-09 17:01:07,967 DEBUG connect_tcp.complete return_value=<httpcore._backends.anyio.AnyIOStream object at 0x000001DDEF77EE90>
2025-08-09 17:01:07,967 DEBUG start_tls.started ssl_context=<ssl.SSLContext object at 0x000001DDEEECFDA0> server_hostname='restyleproject-production.up.railway.app' timeout=120
2025-08-09 17:01:07,967 DEBUG connect_tcp.complete return_value=<httpcore._backends.anyio.AnyIOStream object at 0x000001DDEEE92D10>
2025-08-09 17:01:07,967 DEBUG start_tls.started ssl_context=<ssl.SSLContext object at 0x000001DDEEECFDA0> server_hostname='restyleproject-production.up.railway.app' timeout=120
2025-08-09 17:01:07,967 DEBUG connect_tcp.complete return_value=<httpcore._backends.anyio.AnyIOStream object at 0x000001DDEEF3DA90>
2025-08-09 17:01:07,967 DEBUG start_tls.started ssl_context=<ssl.SSLContext object at 0x000001DDEEECFDA0> server_hostname='restyleproject-production.up.railway.app' timeout=120
2025-08-09 17:01:07,972 DEBUG connect_tcp.complete return_value=<httpcore._backends.anyio.AnyIOStream object at 0x000001DDEEF3C4D0>
2025-08-09 17:01:07,972 DEBUG start_tls.started ssl_context=<ssl.SSLContext object at 0x000001DDEEECFDA0> server_hostname='restyleproject-production.up.railway.app' timeout=120
2025-08-09 17:01:07,973 DEBUG connect_tcp.complete return_value=<httpcore._backends.anyio.AnyIOStream object at 0x000001DDEEF84990>
2025-08-09 17:01:07,973 DEBUG start_tls.started ssl_context=<ssl.SSLContext object at 0x000001DDEEECFDA0> server_hostname='restyleproject-production.up.railway.app' timeout=120
2025-08-09 17:01:08,015 DEBUG start_tls.complete return_value=<httpcore._backends.anyio.AnyIOStream object at 0x000001DDEEFC7F90>
2025-08-09 17:01:08,015 DEBUG send_request_headers.started request=<Request [b'GET']>
2025-08-09 17:01:08,015 DEBUG send_request_headers.complete
2025-08-09 17:01:08,015 DEBUG send_request_body.started request=<Request [b'GET']>
2025-08-09 17:01:08,015 DEBUG send_request_body.complete
2025-08-09 17:01:08,015 DEBUG receive_response_headers.started request=<Request [b'GET']>
2025-08-09 17:01:08,015 DEBUG start_tls.complete return_value=<httpcore._backends.anyio.AnyIOStream object at 0x000001DDEEFDC050>
2025-08-09 17:01:08,021 DEBUG send_request_headers.started request=<Request [b'GET']>
2025-08-09 17:01:08,021 DEBUG start_tls.complete return_value=<httpcore._backends.anyio.AnyIOStream object at 0x000001DDEEFDDB50>
2025-08-09 17:01:08,021 DEBUG send_request_headers.complete
2025-08-09 17:01:08,022 DEBUG send_request_body.started request=<Request [b'GET']>
2025-08-09 17:01:08,022 DEBUG send_request_body.complete
2025-08-09 17:01:08,022 DEBUG receive_response_headers.started request=<Request [b'GET']>
2025-08-09 17:01:08,022 DEBUG send_request_headers.started request=<Request [b'GET']>
2025-08-09 17:01:08,022 DEBUG send_request_headers.complete
2025-08-09 17:01:08,022 DEBUG send_request_body.started request=<Request [b'GET']>
2025-08-09 17:01:08,022 DEBUG send_request_body.complete
2025-08-09 17:01:08,023 DEBUG receive_response_headers.started request=<Request [b'GET']>
2025-08-09 17:01:08,026 DEBUG start_tls.complete return_value=<httpcore._backends.anyio.AnyIOStream object at 0x000001DDEEEC4AD0>
2025-08-09 17:01:08,026 DEBUG start_tls.complete return_value=<httpcore._backends.anyio.AnyIOStream object at 0x000001DDEEF3CA50>
2025-08-09 17:01:08,026 DEBUG send_request_headers.started request=<Request [b'POST']>
2025-08-09 17:01:08,026 DEBUG send_request_headers.started request=<Request [b'GET']>
2025-08-09 17:01:08,027 DEBUG send_request_headers.complete
2025-08-09 17:01:08,027 DEBUG send_request_body.started request=<Request [b'POST']>
2025-08-09 17:01:08,027 DEBUG send_request_headers.complete
2025-08-09 17:01:08,028 DEBUG send_request_body.started request=<Request [b'GET']>
2025-08-09 17:01:08,028 DEBUG send_request_body.complete
2025-08-09 17:01:08,028 DEBUG receive_response_headers.started request=<Request [b'GET']>
2025-08-09 17:01:08,040 DEBUG start_tls.complete return_value=<httpcore._backends.anyio.AnyIOStream object at 0x000001DDEEEC4ED0>
2025-08-09 17:01:08,041 DEBUG send_request_headers.started request=<Request [b'GET']>
2025-08-09 17:01:08,041 DEBUG send_request_headers.complete
2025-08-09 17:01:08,042 DEBUG send_request_body.started request=<Request [b'GET']>
2025-08-09 17:01:08,042 DEBUG send_request_body.complete
2025-08-09 17:01:08,042 DEBUG receive_response_headers.started request=<Request [b'GET']>
2025-08-09 17:01:08,060 DEBUG receive_response_headers.complete return_value=(b'HTTP/1.1', 401, b'Unauthorized', [(b'Allow', b'GET, HEAD, OPTIONS'), (b'Content-Length', b'58'), (b'Content-Type', b'application/json'), (b'Cross-Origin-Opener-Policy', b'same-origin'), (b'Date', b'Sat, 09 Aug 2025 22:01:06 GMT'), (b'Referrer-Policy', b'same-origin'), (b'Server', b'railway-edge'), (b'Vary', b'Accept, origin, Cookie'), (b'Www-Authenticate', b'Bearer realm="api"'), (b'X-Content-Type-Options', b'nosniff'), (b'X-Frame-Options', b'DENY'), (b'X-Railway-Edge', b'railway/us-east4-eqdc4a'), (b'X-Railway-Request-Id', b'qevQtNYnRfyLAeblezItjw')])
2025-08-09 17:01:08,060 INFO HTTP Request: GET https://restyleproject-production.up.railway.app/api/core/internal/list-urls/ "HTTP/1.1 401 Unauthorized"
2025-08-09 17:01:08,060 DEBUG receive_response_body.started request=<Request [b'GET']>
2025-08-09 17:01:08,061 DEBUG receive_response_body.complete
2025-08-09 17:01:08,061 DEBUG response_closed.started
2025-08-09 17:01:08,061 DEBUG response_closed.complete
2025-08-09 17:01:08,061 DEBUG [25393c56-9adf-46b0-9a84-063c8815612b] Response: status=401, body={"detail":"Authentication credentials were not provided."}, elapsed=0.193s
2025-08-09 17:01:08,065 DEBUG receive_response_headers.complete return_value=(b'HTTP/1.1', 405, b'Method Not Allowed', [(b'Allow', b'POST, OPTIONS'), (b'Content-Length', b'40'), (b'Content-Type', b'application/json'), (b'Cross-Origin-Opener-Policy', b'same-origin'), (b'Date', b'Sat, 09 Aug 2025 22:01:06 GMT'), (b'Referrer-Policy', b'same-origin'), (b'Server', b'railway-edge'), (b'Vary', b'Accept, origin'), (b'X-Content-Type-Options', b'nosniff'), (b'X-Frame-Options', b'DENY'), (b'X-Railway-Edge', b'railway/us-east4-eqdc4a'), (b'X-Railway-Request-Id', b'UxoZhFPhTKat0roxPvyhXg')])
2025-08-09 17:01:08,065 INFO HTTP Request: GET https://restyleproject-production.up.railway.app/api/token/refresh/ "HTTP/1.1 405 Method Not Allowed"
2025-08-09 17:01:08,065 DEBUG receive_response_body.started request=<Request [b'GET']>
2025-08-09 17:01:08,066 DEBUG receive_response_body.complete
2025-08-09 17:01:08,066 DEBUG response_closed.started
2025-08-09 17:01:08,066 DEBUG response_closed.complete
2025-08-09 17:01:08,068 DEBUG [04c6712b-d9c1-4cbf-ac24-5fc632196100] Response: status=405, body={"detail":"Method \"GET\" not allowed."}, elapsed=0.209s
2025-08-09 17:01:08,071 DEBUG receive_response_headers.complete return_value=(b'HTTP/1.1', 200, b'OK', [(b'Allow', b'GET, POST, HEAD, OPTIONS'), (b'Content-Length', b'48'), (b'Content-Type', b'application/json'), (b'Cross-Origin-Opener-Policy', b'same-origin'), (b'Date', b'Sat, 09 Aug 2025 22:01:06 GMT'), (b'Referrer-Policy', b'same-origin'), (b'Server', b'railway-edge'), (b'Vary', b'Accept, origin, Cookie'), (b'X-Content-Type-Options', b'nosniff'), (b'X-Frame-Options', b'DENY'), (b'X-Railway-Edge', b'railway/us-east4-eqdc4a'), (b'X-Railway-Request-Id', b'iXyB2TA2SDW65TY2g4a9AQ')])
2025-08-09 17:01:08,071 INFO HTTP Request: GET https://restyleproject-production.up.railway.app/api/core/ebay-token-health/ "HTTP/1.1 200 OK"
2025-08-09 17:01:08,072 DEBUG receive_response_body.started request=<Request [b'GET']>
2025-08-09 17:01:08,072 DEBUG receive_response_body.complete
2025-08-09 17:01:08,072 DEBUG response_closed.started
2025-08-09 17:01:08,072 DEBUG response_closed.complete
2025-08-09 17:01:08,072 DEBUG [6652bdc6-ed01-4cee-89d8-88f456849161] Response: status=200, body={"status":"ok","token_status":"not_implemented"}, elapsed=0.205s
2025-08-09 17:01:08,078 DEBUG send_request_body.complete
2025-08-09 17:01:08,078 DEBUG receive_response_headers.started request=<Request [b'POST']>
2025-08-09 17:01:08,132 DEBUG receive_response_headers.complete return_value=(b'HTTP/1.1', 405, b'Method Not Allowed', [(b'Allow', b'POST, OPTIONS'), (b'Content-Length', b'40'), (b'Content-Type', b'application/json'), (b'Cross-Origin-Opener-Policy', b'same-origin'), (b'Date', b'Sat, 09 Aug 2025 22:01:06 GMT'), (b'Referrer-Policy', b'same-origin'), (b'Server', b'railway-edge'), (b'Vary', b'Accept, origin'), (b'X-Content-Type-Options', b'nosniff'), (b'X-Frame-Options', b'DENY'), (b'X-Railway-Edge', b'railway/us-east4-eqdc4a'), (b'X-Railway-Request-Id', b'ZxBKUSeETjSR0ng_Cx5-qw')])
2025-08-09 17:01:08,132 INFO HTTP Request: GET https://restyleproject-production.up.railway.app/api/token/ "HTTP/1.1 405 Method Not Allowed"
2025-08-09 17:01:08,132 DEBUG receive_response_body.started request=<Request [b'GET']>
2025-08-09 17:01:08,132 DEBUG receive_response_body.complete
2025-08-09 17:01:08,132 DEBUG response_closed.started
2025-08-09 17:01:08,132 DEBUG response_closed.complete
2025-08-09 17:01:08,132 DEBUG [cdfd1ef4-77e4-4b43-bc91-7595f82b1795] Response: status=405, body={"detail":"Method \"GET\" not allowed."}, elapsed=0.273s
2025-08-09 17:01:08,132 DEBUG receive_response_headers.complete return_value=(b'HTTP/1.1', 200, b'OK', [(b'Content-Length', b'40'), (b'Content-Type', b'application/json'), (b'Cross-Origin-Opener-Policy', b'same-origin'), (b'Date', b'Sat, 09 Aug 2025 22:01:06 GMT'), (b'Referrer-Policy', b'same-origin'), (b'Server', b'railway-edge'), (b'Vary', b'origin'), (b'X-Content-Type-Options', b'nosniff'), (b'X-Frame-Options', b'DENY'), (b'X-Railway-Edge', b'railway/us-east4-eqdc4a'), (b'X-Railway-Request-Id', b'Rr5A589yRVOA0nXDCx5-qw')])
2025-08-09 17:01:08,132 INFO HTTP Request: GET https://restyleproject-production.up.railway.app/api/core/health/ "HTTP/1.1 200 OK"
2025-08-09 17:01:08,132 DEBUG receive_response_body.started request=<Request [b'GET']>
2025-08-09 17:01:08,132 DEBUG receive_response_body.complete
2025-08-09 17:01:08,132 DEBUG response_closed.started
2025-08-09 17:01:08,132 DEBUG response_closed.complete
2025-08-09 17:01:08,132 DEBUG [5e7f155d-40c4-460e-b331-f229b66c9f00] Response: status=200, body={"status": "healthy", "service": "core"}, elapsed=0.267s
2025-08-09 17:01:08,965 DEBUG receive_response_headers.complete return_value=(b'HTTP/1.1', 500, b'Internal Server Error', [(b'Allow', b'POST, OPTIONS'), (b'Content-Length', b'64'), (b'Content-Type', b'application/json'), (b'Cross-Origin-Opener-Policy', b'same-origin'), (b'Date', b'Sat, 09 Aug 2025 22:01:07 GMT'), (b'Referrer-Policy', b'same-origin'), (b'Server', b'railway-edge'), (b'Vary', b'Accept, origin'), (b'X-Content-Type-Options', b'nosniff'), (b'X-Frame-Options', b'DENY'), (b'X-Railway-Edge', b'railway/us-east4-eqdc4a'), (b'X-Railway-Request-Id', b'OKlOBmtkTPGK0zLfezItjw')])
2025-08-09 17:01:08,966 INFO HTTP Request: POST https://restyleproject-production.up.railway.app/api/core/analyze-and-price/ "HTTP/1.1 500 Internal Server Error"
2025-08-09 17:01:08,966 DEBUG receive_response_body.started request=<Request [b'POST']>
2025-08-09 17:01:08,966 DEBUG receive_response_body.complete
2025-08-09 17:01:08,966 DEBUG response_closed.started
2025-08-09 17:01:08,966 DEBUG response_closed.complete
2025-08-09 17:01:08,966 DEBUG [d856f85e-a10b-4950-b353-7a191c11c188] Response: status=500, body={"error":"An unexpected server error occurred during analysis."}, elapsed=1.104s
2025-08-09 17:01:08,966 DEBUG close.started
2025-08-09 17:01:08,966 DEBUG close.complete
2025-08-09 17:01:08,966 DEBUG close.started
2025-08-09 17:01:08,966 DEBUG close.complete
2025-08-09 17:01:08,966 DEBUG close.started
2025-08-09 17:01:08,966 DEBUG close.complete
2025-08-09 17:01:08,966 DEBUG close.started
2025-08-09 17:01:08,966 DEBUG close.complete
2025-08-09 17:01:08,966 DEBUG close.started
2025-08-09 17:01:08,966 DEBUG close.complete
2025-08-09 17:01:08,966 DEBUG close.started
2025-08-09 17:01:08,971 DEBUG close.complete
2025-08-09 17:01:08,971 DEBUG close.started
2025-08-09 17:01:08,971 DEBUG close.complete
