Checking eBay rate limits (sandbox: False)
Rate limit check failed: 500 - {"errorMessage":[{"error":[{"errorId":["2000"],"domain":["CoreRuntime"],"severity":["Error"],"category":["Request"],"message":["Service operation getRateLimits is unknown"],"subdomain":["Inbound_Meta_Data"],"parameter":[{"@name":"Param1","__value__":"getRateLimits"}]}]}]}
Checking eBay rate limits (sandbox: False)
Rate limit check failed: 500 - {"errorMessage":[{"error":[{"errorId":["2000"],"domain":["CoreRuntime"],"severity":["Error"],"category":["Request"],"message":["Service operation getRateLimits is unknown"],"subdomain":["Inbound_Meta_Data"],"parameter":[{"@name":"Param1","__value__":"getRateLimits"}]}]}]}
Could not check rate limits, proceeding with API call
Missing eBay credentials for token refresh
Using fallback eBay OAuth token from settings
Missing eBay credentials for token refresh
Using fallback eBay OAuth token from settings
Missing eBay credentials for token refresh
Using fallback eBay OAuth token from settings
Loaded eBay refresh token from file.
Missing eBay credentials for token refresh
Using fallback eBay OAuth token from settings
Loaded eBay refresh token from file.
Refreshing eBay OAuth token...
Failed to refresh eBay token: 400 - {"error":"invalid_grant","error_description":"the provided authorization refresh token is invalid or was issued to another client"}
Using fallback eBay OAuth token from settings
Loaded eBay refresh token from file.
New refresh token saved to file and updated in memory.
Watching for file changes with StatReloader
C:\Users\Elliott\restyle_project\backend\backend\settings.py changed, reloading.
Watching for file changes with StatReloader
C:\Users\Elliott\restyle_project\backend\core\views.py changed, reloading.
Watching for file changes with StatReloader
C:\Users\Elliott\restyle_project\backend\core\urls.py changed, reloading.
Watching for file changes with StatReloader
Watching for file changes with StatReloader
C:\Users\Elliott\restyle_project\backend\core\views.py changed, reloading.
Watching for file changes with StatReloader
C:\Users\Elliott\restyle_project\backend\core\views.py changed, reloading.
Watching for file changes with StatReloader
C:\Users\Elliott\restyle_project\backend\core\views.py changed, reloading.
Watching for file changes with StatReloader
Loaded eBay refresh token from file.
Refreshing eBay OAuth token...
Successfully refreshed eBay OAuth token, expires at 2025-07-03 05:06:01.079409
Watching for file changes with StatReloader
C:\Users\Elliott\restyle_project\backend\core\views.py changed, reloading.
C:\Users\Elliott\restyle_project\backend\core\views.py changed, reloading.
Watching for file changes with StatReloader
Watching for file changes with StatReloader
C:\Users\Elliott\restyle_project\backend\core\views.py changed, reloading.
C:\Users\Elliott\restyle_project\backend\core\views.py changed, reloading.
Watching for file changes with StatReloader
Watching for file changes with StatReloader
C:\Users\Elliott\restyle_project\backend\core\views.py changed, reloading.
C:\Users\Elliott\restyle_project\backend\core\views.py changed, reloading.
Watching for file changes with StatReloader
Watching for file changes with StatReloader
C:\Users\Elliott\restyle_project\backend\core\views.py changed, reloading.
C:\Users\Elliott\restyle_project\backend\core\views.py changed, reloading.
Watching for file changes with StatReloader
Watching for file changes with StatReloader
C:\Users\Elliott\restyle_project\backend\core\views.py changed, reloading.
C:\Users\Elliott\restyle_project\backend\core\views.py changed, reloading.
Watching for file changes with StatReloader
Watching for file changes with StatReloader
C:\Users\Elliott\restyle_project\backend\core\views.py changed, reloading.
C:\Users\Elliott\restyle_project\backend\core\views.py changed, reloading.
Watching for file changes with StatReloader
Watching for file changes with StatReloader
C:\Users\Elliott\restyle_project\backend\core\views.py changed, reloading.
C:\Users\Elliott\restyle_project\backend\core\views.py changed, reloading.
Watching for file changes with StatReloader
Watching for file changes with StatReloader
C:\Users\Elliott\restyle_project\backend\core\views.py changed, reloading.
C:\Users\Elliott\restyle_project\backend\core\views.py changed, reloading.
Watching for file changes with StatReloader
Watching for file changes with StatReloader
C:\Users\Elliott\restyle_project\backend\core\views.py changed, reloading.
C:\Users\Elliott\restyle_project\backend\core\views.py changed, reloading.
Watching for file changes with StatReloader
Watching for file changes with StatReloader
C:\Users\Elliott\restyle_project\backend\core\views.py changed, reloading.
C:\Users\Elliott\restyle_project\backend\core\views.py changed, reloading.
Watching for file changes with StatReloader
Watching for file changes with StatReloader
C:\Users\Elliott\restyle_project\backend\core\views.py changed, reloading.
C:\Users\Elliott\restyle_project\backend\core\views.py changed, reloading.
Watching for file changes with StatReloader
Watching for file changes with StatReloader
C:\Users\Elliott\restyle_project\backend\core\views.py changed, reloading.
C:\Users\Elliott\restyle_project\backend\core\views.py changed, reloading.
Watching for file changes with StatReloader
Watching for file changes with StatReloader
C:\Users\Elliott\restyle_project\backend\core\views.py changed, reloading.
C:\Users\Elliott\restyle_project\backend\core\views.py changed, reloading.
Watching for file changes with StatReloader
Watching for file changes with StatReloader
C:\Users\Elliott\restyle_project\backend\core\views.py changed, reloading.
C:\Users\Elliott\restyle_project\backend\core\views.py changed, reloading.
Watching for file changes with StatReloader
Watching for file changes with StatReloader
C:\Users\Elliott\restyle_project\backend\core\views.py changed, reloading.
C:\Users\Elliott\restyle_project\backend\core\views.py changed, reloading.
Watching for file changes with StatReloader
Watching for file changes with StatReloader
C:\Users\Elliott\restyle_project\backend\core\views.py changed, reloading.
C:\Users\Elliott\restyle_project\backend\core\views.py changed, reloading.
Watching for file changes with StatReloader
Watching for file changes with StatReloader
C:\Users\Elliott\restyle_project\backend\core\views.py changed, reloading.
C:\Users\Elliott\restyle_project\backend\core\views.py changed, reloading.
Watching for file changes with StatReloader
Watching for file changes with StatReloader
C:\Users\Elliott\restyle_project\backend\core\views.py changed, reloading.
C:\Users\Elliott\restyle_project\backend\core\views.py changed, reloading.
Watching for file changes with StatReloader
Watching for file changes with StatReloader
C:\Users\Elliott\restyle_project\backend\core\views.py changed, reloading.
C:\Users\Elliott\restyle_project\backend\core\views.py changed, reloading.
Watching for file changes with StatReloader
Watching for file changes with StatReloader
C:\Users\Elliott\restyle_project\backend\core\views.py changed, reloading.
C:\Users\Elliott\restyle_project\backend\core\views.py changed, reloading.
Watching for file changes with StatReloader
Watching for file changes with StatReloader
C:\Users\Elliott\restyle_project\backend\core\views.py changed, reloading.
C:\Users\Elliott\restyle_project\backend\core\views.py changed, reloading.
Watching for file changes with StatReloader
Watching for file changes with StatReloader
C:\Users\Elliott\restyle_project\backend\core\views.py changed, reloading.
C:\Users\Elliott\restyle_project\backend\core\views.py changed, reloading.
Watching for file changes with StatReloader
Watching for file changes with StatReloader
